2024-11-05 14:46:24,109 - INFO - 系统初始化完成
2024-11-05 14:46:30,248 - INFO - 没有符合条件的房源
2024-11-05 14:46:31,882 - WARNING - 无效选项
2024-11-05 14:46:32,075 - WARNING - 无效选项
2024-11-05 14:46:32,314 - WARNING - 无效选项
2024-11-05 14:46:32,564 - WARNING - 无效选项
2024-11-05 14:46:32,653 - WARNING - 无效选项
2024-11-05 14:46:33,116 - INFO - 没有符合条件的房源
2024-11-05 14:46:33,239 - WARNING - 无效选项
2024-11-05 14:46:33,359 - WARNING - 无效选项
2024-11-05 14:46:33,480 - WARNING - 无效选项
2024-11-05 14:46:33,581 - INFO - 系统退出
2024-11-08 20:22:21,115 - INFO - 系统初始化完成
2024-11-08 20:22:27,120 - INFO - 没有符合条件的房源
2024-11-08 20:22:32,305 - WARNING - 无效选项
2024-11-08 20:22:33,659 - INFO - 系统退出
2024-11-08 20:26:53,435 - INFO - 系统初始化完成
2024-11-08 20:26:59,706 - INFO - 没有符合条件的房源
2024-11-08 20:26:59,851 - INFO - 系统退出
2024-11-08 20:28:22,841 - INFO - 系统初始化完成
2024-11-09 14:32:42,020 - INFO - 系统初始化完成，数据导入
2024-11-09 14:32:58,807 - INFO - 没有符合条件的房源
2024-11-09 14:33:07,465 - INFO - 系统退出
2024-11-20 09:00:37,369 - INFO - 系统初始化完成，数据导入
2024-11-20 09:00:40,581 - WARNING - 无效选项
2024-11-20 09:00:44,872 - INFO - 系统退出
2024-11-20 09:04:37,637 - INFO - 系统初始化完成，数据导入
2024-11-20 09:04:40,158 - INFO - 系统退出
2024-11-28 20:52:42,406 - INFO - 系统初始化完成，数据导入
2024-11-28 20:52:46,709 - WARNING - 无效选项
2024-11-28 20:52:49,956 - INFO - 系统退出
2024-11-28 21:03:47,596 - INFO - 系统初始化完成，数据导入
2024-11-28 21:04:37,288 - INFO - 系统初始化完成，数据导入
2024-11-28 21:05:01,514 - INFO - 系统初始化完成，数据导入
2024-11-28 21:08:44,354 - INFO - 系统初始化完成，数据导入
2024-11-28 21:10:56,293 - INFO - 系统初始化完成，数据导入
2024-11-28 21:18:56,884 - INFO - 系统初始化完成，数据导入
2024-11-28 21:20:46,168 - INFO - 系统初始化完成，数据导入
2024-11-28 21:21:35,650 - INFO - 系统初始化完成，数据导入
2024-11-28 21:21:53,793 - INFO - 系统初始化完成，数据导入
2024-11-28 21:22:24,925 - INFO - 系统初始化完成，数据导入
2024-11-28 21:23:26,687 - INFO - 系统初始化完成，数据导入
2024-11-28 21:24:22,581 - INFO - 系统初始化完成，数据导入
2024-11-28 21:27:04,955 - INFO - 系统初始化完成，数据导入
2024-11-28 21:27:24,765 - INFO - 系统初始化完成，数据导入
2024-11-28 21:28:20,797 - INFO - 系统初始化完成，数据导入
2024-11-28 21:28:41,331 - INFO - 系统初始化完成，数据导入
2024-11-28 21:29:58,301 - INFO - 系统初始化完成，数据导入
2024-11-28 21:31:28,602 - INFO - 系统初始化完成，数据导入
2024-11-28 21:31:35,231 - INFO - 系统初始化完成，数据导入
2024-11-28 21:32:42,434 - INFO - 系统初始化完成，数据导入
2024-11-28 21:33:04,296 - INFO - 系统初始化完成，数据导入
2024-11-28 21:33:12,266 - INFO - 系统初始化完成，数据导入
2024-11-28 21:33:29,511 - INFO - 系统初始化完成，数据导入
2024-11-28 21:33:52,386 - INFO - 系统初始化完成，数据导入
2024-11-28 21:35:25,654 - INFO - 系统初始化完成，数据导入
2024-11-28 21:35:33,976 - INFO - 系统初始化完成，数据导入
2024-11-28 21:41:23,070 - INFO - 系统初始化完成，数据导入
2024-11-28 21:41:48,669 - INFO - 系统初始化完成，数据导入
2024-11-28 21:45:05,352 - INFO - 系统初始化完成，数据导入
2024-11-28 21:46:58,930 - INFO - 系统初始化完成，数据导入
2024-11-28 21:49:42,620 - INFO - 系统初始化完成，数据导入
2024-11-28 21:50:51,932 - INFO - 系统初始化完成，数据导入
2024-11-28 21:51:01,987 - INFO - 系统初始化完成，数据导入
2024-11-28 21:51:49,302 - INFO - 系统初始化完成，数据导入
2024-11-28 21:56:07,923 - INFO - 系统初始化完成，数据导入
2024-11-28 21:56:13,944 - INFO - 系统初始化完成，数据导入
2024-11-28 21:57:18,902 - INFO - 系统初始化完成，数据导入
2024-11-28 21:58:02,625 - INFO - 系统初始化完成，数据导入
2024-11-28 22:00:57,634 - INFO - 系统初始化完成，数据导入
2024-11-28 22:01:56,051 - INFO - 系统初始化完成，数据导入
2024-11-28 22:02:50,717 - INFO - 系统初始化完成，数据导入
2024-11-28 22:04:17,214 - INFO - 系统初始化完成，数据导入
2024-11-28 22:06:48,688 - INFO - 系统初始化完成，数据导入
2024-11-28 22:07:47,600 - INFO - 系统初始化完成，数据导入
2024-11-28 22:09:53,743 - INFO - 系统初始化完成，数据导入
2024-11-28 22:10:44,027 - INFO - 系统初始化完成，数据导入
2024-11-28 22:12:31,772 - INFO - 系统初始化完成，数据导入
2024-11-28 22:13:05,532 - INFO - 系统初始化完成，数据导入
2024-11-28 22:13:58,319 - INFO - 系统初始化完成，数据导入
2024-11-28 22:14:49,853 - INFO - 系统初始化完成，数据导入
2024-11-28 22:16:56,524 - INFO - 系统初始化完成，数据导入
2024-11-28 22:20:38,081 - INFO - 系统初始化完成，数据导入
2024-11-28 22:21:17,013 - INFO - 系统初始化完成，数据导入
2024-11-28 22:21:23,332 - INFO - 找到符合条件的房源
2024-11-28 22:21:38,674 - INFO - 系统初始化完成，数据导入
2024-11-28 22:22:09,694 - INFO - 系统初始化完成，数据导入
2024-11-28 22:22:18,889 - INFO - 找到符合条件的房源
2024-11-28 22:22:33,013 - INFO - 找到符合条件的房源
2024-11-28 22:22:33,302 - INFO - 找到符合条件的房源
2024-11-28 22:22:33,476 - INFO - 找到符合条件的房源
2024-11-28 22:22:33,643 - INFO - 找到符合条件的房源
2024-11-28 22:22:34,002 - INFO - 找到符合条件的房源
2024-11-28 22:22:34,150 - INFO - 找到符合条件的房源
2024-11-28 22:22:34,351 - INFO - 找到符合条件的房源
2024-11-28 22:22:34,500 - INFO - 找到符合条件的房源
2024-11-28 22:22:34,746 - INFO - 找到符合条件的房源
2024-11-28 22:22:40,652 - INFO - 找到符合条件的房源
2024-11-28 22:22:44,852 - INFO - 找到符合条件的房源
2024-11-28 22:22:52,947 - INFO - 找到符合条件的房源
2024-11-28 22:25:00,125 - INFO - 系统初始化完成，数据导入
2024-11-28 22:28:28,229 - INFO - 系统初始化完成，数据导入
2024-11-28 22:29:18,627 - INFO - 系统初始化完成，数据导入
2024-11-28 22:29:29,671 - INFO - 找到符合条件的房源
2024-11-28 22:29:36,661 - INFO - 找到符合条件的房源
2024-11-28 22:34:30,163 - INFO - 系统初始化完成，数据导入
2024-11-28 22:38:07,283 - INFO - 系统初始化完成，数据导入
2024-11-28 22:38:31,063 - INFO - 系统初始化完成，数据导入
2024-11-28 22:41:07,567 - INFO - 系统初始化完成，数据导入
2024-11-28 22:43:24,073 - INFO - 系统初始化完成，数据导入
2024-11-28 22:44:36,237 - INFO - 系统初始化完成，数据导入
2024-11-28 22:48:55,034 - INFO - 系统初始化完成，数据导入
2024-11-28 22:48:55,181 - INFO - 城市、区域、房型列表初始化完成
2024-11-28 22:48:55,187 - INFO - 界面标签设置完成
2024-11-28 22:48:55,191 - INFO - 当前选择的城市是: 佛山
2024-11-28 22:48:55,193 - INFO - 区域选择下拉框创建完成
2024-11-28 22:48:55,193 - INFO - 选择的城市: 佛山， 选择的区域: 请选择城市区域
2024-11-28 22:48:55,194 - WARNING - 没有找到匹配的房型，请检查城市或区域选择是否正确。
2024-11-28 22:48:55,194 - INFO - 选择的城市: 佛山， 选择的区域: 请选择城市区域
2024-11-28 22:48:55,194 - WARNING - 没有找到匹配的房型，请检查城市或区域选择是否正确。
2024-11-28 22:48:55,194 - INFO - 城市选择下拉框创建完成
2024-11-28 22:48:57,442 - INFO - 当前选择的城市是: 长沙
2024-11-28 22:48:58,684 - INFO - 选择的城市: 长沙， 选择的区域: 天心
2024-11-28 22:48:58,686 - INFO - 房型选择下拉框创建完成
2024-11-28 22:49:23,174 - INFO - 系统初始化完成，数据导入
2024-11-28 22:49:23,296 - INFO - 城市、区域、房型列表初始化完成
2024-11-28 22:50:12,746 - INFO - 系统初始化完成，数据导入
2024-11-28 22:51:49,007 - INFO - 系统初始化完成，数据导入
2024-11-28 22:53:41,513 - INFO - 系统初始化完成，数据导入
2024-11-28 22:54:50,695 - INFO - 系统初始化完成，数据导入
